0/19, ---; 1;  0.111; 1; 1
1/19; (H1, CU); 2;  0.129; 1; 1, 176778.39 
2/19; (HU, C3); 4;  0.309; 2; 1, 176778.39 
3/19; (H2, CU); 6;  0.294; 3; 1, 176778.39 
4/19; (H1, C3); 8;  1.572; 4; 1, 176778.39 
5/19; (H3, C2); 10;  0.825; 5; 1, 176778.39 
6/19; (H2, C3); 12;  0.788; 6; 1, 176778.39 
7/19; (H2, C1); 14;  3.573; 7; 7, 176778.39 
8/19; (HU, C4); 28;  3.482; 14; 8, 176778.39 
9/19; (HU, C2); 44;  3.711; 22; 15, 176472.28 
10/19; (H3, C1); 74;  9.377; 37; 8, 176472.28 
11/19; (H2, C2); 90;  12.011; 45; 18, 176472.28 
12/19; (H1, C4); 126;  8.510; 63; 23, 176088.02 
13/19; (H2, C4); 172;  6.842; 62; 7, 176088.02 
14/19; (H3, C4); 186;  6.249; 93; 3, 176088.02 
15/19; (H1, C2); 192;  6.919; 64; 4, 176088.02 
16/19; (H1, C1); 200;  5.841; 69; 3, 176088.02 
17/19; (H3, C3); 206;  1.876; 17; 0, 176088.02 
18/19; (HU, C1); 206;  7.849; 103; 0, 176088.02 
19/19; (H3, CU); 206;  10.453; 103; 0, 176088.02 
