0/19, ---; 1;  0.025; 1; 1
1/19; (H1, CU); 2;  0.046; 1; 1, 177250.92 
2/19; (HU, C3); 4;  0.088; 2; 1, 177250.92 
3/19; (H2, CU); 6;  0.266; 3; 1, 177250.92 
4/19; (H1, C3); 8;  0.434; 4; 1, 177250.92 
5/19; (H3, C2); 10;  1.304; 5; 1, 177250.92 
6/19; (H2, C3); 12;  0.577; 6; 1, 177250.92 
7/19; (H2, C1); 14;  1.234; 7; 7, 177250.92 
8/19; (HU, C4); 28;  1.663; 14; 8, 177250.92 
9/19; (HU, C2); 44;  2.763; 22; 15, 177250.92 
10/19; (H3, C1); 74;  3.610; 37; 8, 177250.92 
11/19; (H2, C2); 90;  4.822; 45; 20, 177250.92 
12/19; (H1, C4); 130;  6.155; 65; 27, 177250.92 
13/19; (H2, C4); 184;  8.077; 68; 7, 177250.92 
14/19; (H3, C4); 198;  6.504; 99; 3, 177250.92 
15/19; (H1, C2); 204;  4.850; 66; 4, 177250.92 
16/19; (H1, C1); 212;  3.702; 75; 3, 177250.92 
17/19; (H3, C3); 218;  2.512; 20; 0, 177250.92 
18/19; (HU, C1); 218;  8.623; 109; 0, 177250.92 
19/19; (H3, CU); 218;  12.219; 109; 0, 177250.92 
